<?xml version="1.0" encoding="UTF-8"?>
<testsuite name="com.gomjae.proj.springboot.domain.posts.PostsRepositoryTest" tests="1" skipped="0" failures="0" errors="0" timestamp="2020-01-10T05:00:54" hostname="DESKTOP-SSB7QJB" time="0.507">
  <properties/>
  <testcase name="게시글저장_불러오기" classname="com.gomjae.proj.springboot.domain.posts.PostsRepositoryTest" time="0.507"/>
  <system-out><![CDATA[14:00:36.690 [Test worker] DEBUG org.springframework.test.context.junit4.SpringJUnit4ClassRunner - SpringJUnit4ClassRunner constructor called with [class com.gomjae.proj.springboot.domain.posts.PostsRepositoryTest]
14:00:36.706 [Test worker] DEBUG org.springframework.test.context.BootstrapUtils - Instantiating CacheAwareContextLoaderDelegate from class [org.springframework.test.context.cache.DefaultCacheAwareContextLoaderDelegate]
14:00:36.722 [Test worker] DEBUG org.springframework.test.context.BootstrapUtils - Instantiating BootstrapContext using constructor [public org.springframework.test.context.support.DefaultBootstrapContext(java.lang.Class,org.springframework.test.context.CacheAwareContextLoaderDelegate)]
14:00:36.753 [Test worker] DEBUG org.springframework.test.context.BootstrapUtils - Instantiating TestContextBootstrapper for test class [com.gomjae.proj.springboot.domain.posts.PostsRepositoryTest] from class [org.springframework.boot.test.context.SpringBootTestContextBootstrapper]
14:00:36.782 [Test worker] INFO org.springframework.boot.test.context.SpringBootTestContextBootstrapper - Neither @ContextConfiguration nor @ContextHierarchy found for test class [com.gomjae.proj.springboot.domain.posts.PostsRepositoryTest], using SpringBootContextLoader
14:00:36.791 [Test worker] DEBUG org.springframework.test.context.support.AbstractContextLoader - Did not detect default resource location for test class [com.gomjae.proj.springboot.domain.posts.PostsRepositoryTest]: class path resource [com/gomjae/proj/springboot/domain/posts/PostsRepositoryTest-context.xml] does not exist
14:00:36.792 [Test worker] DEBUG org.springframework.test.context.support.AbstractContextLoader - Did not detect default resource location for test class [com.gomjae.proj.springboot.domain.posts.PostsRepositoryTest]: class path resource [com/gomjae/proj/springboot/domain/posts/PostsRepositoryTestContext.groovy] does not exist
14:00:36.793 [Test worker] INFO org.springframework.test.context.support.AbstractContextLoader - Could not detect default resource locations for test class [com.gomjae.proj.springboot.domain.posts.PostsRepositoryTest]: no resource found for suffixes {-context.xml, Context.groovy}.
14:00:36.794 [Test worker] INFO org.springframework.test.context.support.AnnotationConfigContextLoaderUtils - Could not detect default configuration classes for test class [com.gomjae.proj.springboot.domain.posts.PostsRepositoryTest]: PostsRepositoryTest does not declare any static, non-private, non-final, nested classes annotated with @Configuration.
14:00:36.923 [Test worker] DEBUG org.springframework.test.context.support.ActiveProfilesUtils - Could not find an 'annotation declaring class' for annotation type [org.springframework.test.context.ActiveProfiles] and class [com.gomjae.proj.springboot.domain.posts.PostsRepositoryTest]
14:00:37.112 [Test worker] DEBUG org.springframework.context.annotation.ClassPathScanningCandidateComponentProvider - Identified candidate component class: file [C:\Users\mmp10\IdeaProjects\springboot-webservice\build\classes\java\main\com\gomjae\proj\springboot\Application.class]
14:00:37.114 [Test worker] INFO org.springframework.boot.test.context.SpringBootTestContextBootstrapper - Found @SpringBootConfiguration com.gomjae.proj.springboot.Application for test class com.gomjae.proj.springboot.domain.posts.PostsRepositoryTest
14:00:37.361 [Test worker] DEBUG org.springframework.boot.test.context.SpringBootTestContextBootstrapper - @TestExecutionListeners is not present for class [com.gomjae.proj.springboot.domain.posts.PostsRepositoryTest]: using defaults.
14:00:37.364 [Test worker] INFO org.springframework.boot.test.context.SpringBootTestContextBootstrapper - Loaded default TestExecutionListener class names from location [META-INF/spring.factories]: [org.springframework.security.test.context.support.WithSecurityContextTestExecutionListener, org.springframework.security.test.context.support.ReactorContextTestExecutionListener, org.springframework.boot.test.autoconfigure.restdocs.RestDocsTestExecutionListener, org.springframework.boot.test.autoconfigure.web.client.MockRestServiceServerResetTestExecutionListener, org.springframework.boot.test.autoconfigure.web.servlet.MockMvcPrintOnlyOnFailureTestExecutionListener, org.springframework.boot.test.autoconfigure.web.servlet.WebDriverTestExecutionListener, org.springframework.boot.test.mock.mockito.MockitoTestExecutionListener, org.springframework.boot.test.mock.mockito.ResetMocksTestExecutionListener, org.springframework.test.context.web.ServletTestExecutionListener, org.springframework.test.context.support.DirtiesContextBeforeModesTestExecutionListener, org.springframework.test.context.support.DependencyInjectionTestExecutionListener, org.springframework.test.context.support.DirtiesContextTestExecutionListener, org.springframework.test.context.transaction.TransactionalTestExecutionListener, org.springframework.test.context.jdbc.SqlScriptsTestExecutionListener]
14:00:37.409 [Test worker] INFO org.springframework.boot.test.context.SpringBootTestContextBootstrapper - Using TestExecutionListeners: [org.springframework.test.context.web.ServletTestExecutionListener@7a54da11, org.springframework.test.context.support.DirtiesContextBeforeModesTestExecutionListener@45254cff, org.springframework.boot.test.mock.mockito.MockitoTestExecutionListener@57e244ef, org.springframework.boot.test.autoconfigure.SpringBootDependencyInjectionTestExecutionListener@685df147, org.springframework.test.context.support.DirtiesContextTestExecutionListener@34852a0f, org.springframework.test.context.transaction.TransactionalTestExecutionListener@5b28dad4, org.springframework.test.context.jdbc.SqlScriptsTestExecutionListener@1e283862, org.springframework.security.test.context.support.WithSecurityContextTestExecutionListener@19782529, org.springframework.security.test.context.support.ReactorContextTestExecutionListener@4b0b15b, org.springframework.boot.test.autoconfigure.restdocs.RestDocsTestExecutionListener@19d32563, org.springframework.boot.test.autoconfigure.web.client.MockRestServiceServerResetTestExecutionListener@4667e513, org.springframework.boot.test.autoconfigure.web.servlet.MockMvcPrintOnlyOnFailureTestExecutionListener@1e6ed19b, org.springframework.boot.test.autoconfigure.web.servlet.WebDriverTestExecutionListener@1f558164, org.springframework.boot.test.mock.mockito.ResetMocksTestExecutionListener@1f2d47d0]
14:00:37.417 [Test worker] DEBUG org.springframework.test.annotation.ProfileValueUtils - Retrieved @ProfileValueSourceConfiguration [null] for test class [com.gomjae.proj.springboot.domain.posts.PostsRepositoryTest]
14:00:37.418 [Test worker] DEBUG org.springframework.test.annotation.ProfileValueUtils - Retrieved ProfileValueSource type [class org.springframework.test.annotation.SystemProfileValueSource] for class [com.gomjae.proj.springboot.domain.posts.PostsRepositoryTest]
14:00:37.420 [Test worker] DEBUG org.springframework.test.annotation.ProfileValueUtils - Retrieved @ProfileValueSourceConfiguration [null] for test class [com.gomjae.proj.springboot.domain.posts.PostsRepositoryTest]
14:00:37.420 [Test worker] DEBUG org.springframework.test.annotation.ProfileValueUtils - Retrieved ProfileValueSource type [class org.springframework.test.annotation.SystemProfileValueSource] for class [com.gomjae.proj.springboot.domain.posts.PostsRepositoryTest]
14:00:37.430 [Test worker] DEBUG org.springframework.test.context.support.AbstractDirtiesContextTestExecutionListener - Before test class: context [DefaultTestContext@22f34a97 testClass = PostsRepositoryTest, testInstance = [null], testMethod = [null], testException = [null], mergedContextConfiguration = [WebMergedContextConfiguration@24e0c10e testClass = PostsRepositoryTest, locations = '{}', classes = '{class com.gomjae.proj.springboot.Application}', contextInitializerClasses = '[]', activeProfiles = '{}', propertySourceLocations = '{}', propertySourceProperties = '{org.springframework.boot.test.context.SpringBootTestContextBootstrapper=true}', contextCustomizers = set[org.springframework.boot.test.autoconfigure.properties.PropertyMappingContextCustomizer@0, org.springframework.boot.test.autoconfigure.web.servlet.WebDriverContextCustomizerFactory$Customizer@32e253ef, org.springframework.boot.test.context.filter.ExcludeFilterContextCustomizer@7523ab1a, org.springframework.boot.test.json.DuplicateJsonObjectContextCustomizerFactory$DuplicateJsonObjectContextCustomizer@6da4879a, org.springframework.boot.test.mock.mockito.MockitoContextCustomizer@0, org.springframework.boot.test.web.client.TestRestTemplateContextCustomizer@7c695934], resourceBasePath = 'src/main/webapp', contextLoader = 'org.springframework.boot.test.context.SpringBootContextLoader', parent = [null]], attributes = map['org.springframework.test.context.web.ServletTestExecutionListener.activateListener' -> true]], class annotated with @DirtiesContext [false] with mode [null].
14:00:37.432 [Test worker] DEBUG org.springframework.test.annotation.ProfileValueUtils - Retrieved @ProfileValueSourceConfiguration [null] for test class [com.gomjae.proj.springboot.domain.posts.PostsRepositoryTest]
14:00:37.432 [Test worker] DEBUG org.springframework.test.annotation.ProfileValueUtils - Retrieved ProfileValueSource type [class org.springframework.test.annotation.SystemProfileValueSource] for class [com.gomjae.proj.springboot.domain.posts.PostsRepositoryTest]
14:00:37.473 [Test worker] DEBUG org.springframework.test.context.support.TestPropertySourceUtils - Adding inlined properties to environment: {spring.jmx.enabled=false, org.springframework.boot.test.context.SpringBootTestContextBootstrapper=true, server.port=-1}

  .   ____          _            __ _ _
 /\\ / ___'_ __ _ _(_)_ __  __ _ \ \ \ \
( ( )\___ | '_ | '_| | '_ \/ _` | \ \ \ \
 \\/  ___)| |_)| | | | | || (_| |  ) ) ) )
  '  |____| .__|_| |_|_| |_\__, | / / / /
 =========|_|==============|___/=/_/_/_/
 :: Spring Boot ::        (v2.1.9.RELEASE)

2020-01-10 14:00:38.156  INFO 824 --- [    Test worker] c.g.p.s.d.posts.PostsRepositoryTest      : Starting PostsRepositoryTest on DESKTOP-SSB7QJB with PID 824 (started by mmp10 in C:\Users\mmp10\IdeaProjects\springboot-webservice)
2020-01-10 14:00:38.164  INFO 824 --- [    Test worker] c.g.p.s.d.posts.PostsRepositoryTest      : No active profile set, falling back to default profiles: default
2020-01-10 14:00:41.373  INFO 824 --- [    Test worker] .s.d.r.c.RepositoryConfigurationDelegate : Bootstrapping Spring Data repositories in DEFAULT mode.
2020-01-10 14:00:41.615  INFO 824 --- [    Test worker] .s.d.r.c.RepositoryConfigurationDelegate : Finished Spring Data repository scanning in 220ms. Found 2 repository interfaces.
2020-01-10 14:00:43.527  INFO 824 --- [    Test worker] trationDelegate$BeanPostProcessorChecker : Bean 'org.springframework.transaction.annotation.ProxyTransactionManagementConfiguration' of type [org.springframework.transaction.annotation.ProxyTransactionManagementConfiguration$$EnhancerBySpringCGLIB$$c7a13da1] is not eligible for getting processed by all BeanPostProcessors (for example: not eligible for auto-proxying)
2020-01-10 14:00:44.236  INFO 824 --- [    Test worker] com.zaxxer.hikari.HikariDataSource       : HikariPool-1 - Starting...
2020-01-10 14:00:44.985  INFO 824 --- [    Test worker] com.zaxxer.hikari.HikariDataSource       : HikariPool-1 - Start completed.
2020-01-10 14:00:45.408  INFO 824 --- [    Test worker] o.hibernate.jpa.internal.util.LogHelper  : HHH000204: Processing PersistenceUnitInfo [
	name: default
	...]
2020-01-10 14:00:45.670  INFO 824 --- [    Test worker] org.hibernate.Version                    : HHH000412: Hibernate Core {5.3.12.Final}
2020-01-10 14:00:45.676  INFO 824 --- [    Test worker] org.hibernate.cfg.Environment            : HHH000206: hibernate.properties not found
2020-01-10 14:00:46.412  INFO 824 --- [    Test worker] o.hibernate.annotations.common.Version   : HCANN000001: Hibernate Commons Annotations {5.0.4.Final}
2020-01-10 14:00:46.974  INFO 824 --- [    Test worker] org.hibernate.dialect.Dialect            : HHH000400: Using dialect: org.hibernate.dialect.MySQL5InnoDBDialect
Hibernate: drop table if exists posts
Hibernate: drop table if exists user
Hibernate: create table posts (id bigint not null auto_increment, create_date datetime, modified_date datetime, author varchar(255), content Text not null, title varchar(500) not null, primary key (id)) engine=InnoDB
Hibernate: create table user (id bigint not null auto_increment, create_date datetime, modified_date datetime, email varchar(255) not null, name varchar(255) not null, picture varchar(255), role varchar(255) not null, primary key (id)) engine=InnoDB
2020-01-10 14:00:48.834  INFO 824 --- [    Test worker] o.h.t.schema.internal.SchemaCreatorImpl  : HHH000476: Executing import script 'org.hibernate.tool.schema.internal.exec.ScriptSourceInputNonExistentImpl@67193509'
2020-01-10 14:00:48.843  INFO 824 --- [    Test worker] j.LocalContainerEntityManagerFactoryBean : Initialized JPA EntityManagerFactory for persistence unit 'default'
2020-01-10 14:00:50.210  INFO 824 --- [    Test worker] o.h.h.i.QueryTranslatorFactoryInitiator  : HHH000397: Using ASTQueryTranslatorFactory
2020-01-10 14:00:51.409  INFO 824 --- [    Test worker] o.s.s.web.DefaultSecurityFilterChain     : Creating filter chain: any request, [org.springframework.security.web.context.request.async.WebAsyncManagerIntegrationFilter@5acdb90e, org.springframework.security.web.context.SecurityContextPersistenceFilter@4259a773, org.springframework.security.web.header.HeaderWriterFilter@e8a0a67, org.springframework.security.web.authentication.logout.LogoutFilter@2d7182d1, org.springframework.security.oauth2.client.web.OAuth2AuthorizationRequestRedirectFilter@7c5dac11, org.springframework.security.oauth2.client.web.OAuth2LoginAuthenticationFilter@1298959f, org.springframework.security.web.authentication.ui.DefaultLoginPageGeneratingFilter@16004344, org.springframework.security.web.authentication.ui.DefaultLogoutPageGeneratingFilter@344b78e3, org.springframework.security.web.savedrequest.RequestCacheAwareFilter@71226191, org.springframework.security.web.servletapi.SecurityContextHolderAwareRequestFilter@527818cd, org.springframework.security.web.authentication.AnonymousAuthenticationFilter@b1ba7c8, org.springframework.security.web.session.SessionManagementFilter@10eb103a, org.springframework.security.web.access.ExceptionTranslationFilter@b90289e, org.springframework.security.web.access.intercept.FilterSecurityInterceptor@5e3e0675]
2020-01-10 14:00:52.623  INFO 824 --- [    Test worker] o.s.s.concurrent.ThreadPoolTaskExecutor  : Initializing ExecutorService 'applicationTaskExecutor'
2020-01-10 14:00:52.742  WARN 824 --- [    Test worker] aWebConfiguration$JpaWebMvcConfiguration : spring.jpa.open-in-view is enabled by default. Therefore, database queries may be performed during view rendering. Explicitly configure spring.jpa.open-in-view to disable this warning
2020-01-10 14:00:52.857  INFO 824 --- [    Test worker] o.s.b.a.w.s.WelcomePageHandlerMapping    : Adding welcome page template: index
2020-01-10 14:00:53.960  INFO 824 --- [    Test worker] s.a.ScheduledAnnotationBeanPostProcessor : No TaskScheduler/ScheduledExecutorService bean found for scheduled processing
2020-01-10 14:00:53.980  INFO 824 --- [    Test worker] c.g.p.s.d.posts.PostsRepositoryTest      : Started PostsRepositoryTest in 16.491 seconds (JVM running for 19.557)
Hibernate: insert into posts (create_date, modified_date, author, content, title) values (?, ?, ?, ?, ?)
Hibernate: select posts0_.id as id1_0_, posts0_.create_date as create_d2_0_, posts0_.modified_date as modified3_0_, posts0_.author as author4_0_, posts0_.content as content5_0_, posts0_.title as title6_0_ from posts posts0_
Hibernate: delete from posts where id=?
]]></system-out>
  <system-err><![CDATA[]]></system-err>
</testsuite>
